============================= test session starts ==============================
platform darwin -- Python 3.13.5, pytest-8.2.2, pluggy-1.5.0
rootdir: /Users/prybinski/Python/cursor_generated_code
plugins: cov-5.0.0, anyio-4.4.0
collected 0 items / 1 error

==================================== ERRORS ====================================
_________ ERROR collecting dummy_microservices/oauth/test_services.py __________
ImportError while importing test module '/Users/prybinski/Python/cursor_generated_code/dummy_microservices/oauth/test_services.py'.
Hint: make sure your test modules/packages have valid Python names.
Traceback:
/opt/homebrew/Cellar/python@3.13/3.13.5/Frameworks/Python.framework/Versions/3.13/lib/python3.13/importlib/__init__.py:88: in import_module
    return _bootstrap._gcd_import(name[level:], package, level)
dummy_microservices/oauth/test_services.py:4: in <module>
    from dummy_microservices.oauth.services import UserService, TokenService
dummy_microservices/oauth/services.py:1: in <module>
    from passlib.context import CryptContext
E   ModuleNotFoundError: No module named 'passlib'
=========================== short test summary info ============================
ERROR dummy_microservices/oauth/test_services.py
!!!!!!!!!!!!!!!!!!!! Interrupted: 1 error during collection !!!!!!!!!!!!!!!!!!!!
=============================== 1 error in 0.09s ===============================
